This is pdfTeX, Version 3.1415926-2.3-1.40.12 (MiKTeX 2.9) (preloaded format=pdflatex 2013.1.19)  21 MAR 2014 09:21
entering extended mode
**project.tex
("C:\Users\Christine\Google Drive\GitHub\sta250win14\project\tex\project.tex"
LaTeX2e <2011/06/27>
Babel <v3.8m> and hyphenation patterns for english, afrikaans, ancientgreek, ar
abic, armenian, assamese, basque, bengali, bokmal, bulgarian, catalan, coptic, 
croatian, czech, danish, dutch, esperanto, estonian, farsi, finnish, french, ga
lician, german, german-x-2009-06-19, greek, gujarati, hindi, hungarian, iceland
ic, indonesian, interlingua, irish, italian, kannada, kurmanji, lao, latin, lat
vian, lithuanian, malayalam, marathi, mongolian, mongolianlmc, monogreek, ngerm
an, ngerman-x-2009-06-19, nynorsk, oriya, panjabi, pinyin, polish, portuguese, 
romanian, russian, sanskrit, serbian, slovak, slovenian, spanish, swedish, swis
sgerman, tamil, telugu, turkish, turkmen, ukenglish, ukrainian, uppersorbian, u
senglishmax, welsh, loaded.
(C:\Users\Christine\Desktop\myPrograms\MiKTeX\tex\latex\base\article.cls
Document Class: article 2007/10/19 v1.4h Standard LaTeX document class
(C:\Users\Christine\Desktop\myPrograms\MiKTeX\tex\latex\base\size12.clo
File: size12.clo 2007/10/19 v1.4h Standard LaTeX file (size option)
)
\c@part=\count79
\c@section=\count80
\c@subsection=\count81
\c@subsubsection=\count82
\c@paragraph=\count83
\c@subparagraph=\count84
\c@figure=\count85
\c@table=\count86
\abovecaptionskip=\skip41
\belowcaptionskip=\skip42
\bibindent=\dimen102
)
(C:\Users\Christine\Desktop\myPrograms\MiKTeX\tex\latex\mh\mathtools.sty
Package: mathtools 2012/04/24 v1.12 mathematical typesetting tools

(C:\Users\Christine\Desktop\myPrograms\MiKTeX\tex\latex\graphics\keyval.sty
Package: keyval 1999/03/16 v1.13 key=value parser (DPC)
\KV@toks@=\toks14
)
(C:\Users\Christine\Desktop\myPrograms\MiKTeX\tex\latex\tools\calc.sty
Package: calc 2007/08/22 v4.3 Infix arithmetic (KKT,FJ)
\calc@Acount=\count87
\calc@Bcount=\count88
\calc@Adimen=\dimen103
\calc@Bdimen=\dimen104
\calc@Askip=\skip43
\calc@Bskip=\skip44
LaTeX Info: Redefining \setlength on input line 76.
LaTeX Info: Redefining \addtolength on input line 77.
\calc@Ccount=\count89
\calc@Cskip=\skip45
)
(C:\Users\Christine\Desktop\myPrograms\MiKTeX\tex\latex\mh\mhsetup.sty
Package: mhsetup 2010/01/21 v1.2a programming setup (MH)
)
(C:\Users\Christine\Desktop\myPrograms\MiKTeX\tex\latex\ams\math\amsmath.sty
Package: amsmath 2000/07/18 v2.13 AMS math features
\@mathmargin=\skip46

For additional information on amsmath, use the `?' option.
(C:\Users\Christine\Desktop\myPrograms\MiKTeX\tex\latex\ams\math\amstext.sty
Package: amstext 2000/06/29 v2.01

(C:\Users\Christine\Desktop\myPrograms\MiKTeX\tex\latex\ams\math\amsgen.sty
File: amsgen.sty 1999/11/30 v2.0
\@emptytoks=\toks15
\ex@=\dimen105
))
(C:\Users\Christine\Desktop\myPrograms\MiKTeX\tex\latex\ams\math\amsbsy.sty
Package: amsbsy 1999/11/29 v1.2d
\pmbraise@=\dimen106
)
(C:\Users\Christine\Desktop\myPrograms\MiKTeX\tex\latex\ams\math\amsopn.sty
Package: amsopn 1999/12/14 v2.01 operator names
)
\inf@bad=\count90
LaTeX Info: Redefining \frac on input line 211.
\uproot@=\count91
\leftroot@=\count92
LaTeX Info: Redefining \overline on input line 307.
\classnum@=\count93
\DOTSCASE@=\count94
LaTeX Info: Redefining \ldots on input line 379.
LaTeX Info: Redefining \dots on input line 382.
LaTeX Info: Redefining \cdots on input line 467.
\Mathstrutbox@=\box26
\strutbox@=\box27
\big@size=\dimen107
LaTeX Font Info:    Redeclaring font encoding OML on input line 567.
LaTeX Font Info:    Redeclaring font encoding OMS on input line 568.
\macc@depth=\count95
\c@MaxMatrixCols=\count96
\dotsspace@=\muskip10
\c@parentequation=\count97
\dspbrk@lvl=\count98
\tag@help=\toks16
\row@=\count99
\column@=\count100
\maxfields@=\count101
\andhelp@=\toks17
\eqnshift@=\dimen108
\alignsep@=\dimen109
\tagshift@=\dimen110
\tagwidth@=\dimen111
\totwidth@=\dimen112
\lineht@=\dimen113
\@envbody=\toks18
\multlinegap=\skip47
\multlinetaggap=\skip48
\mathdisplay@stack=\toks19
LaTeX Info: Redefining \[ on input line 2666.
LaTeX Info: Redefining \] on input line 2667.
)
\g_MT_multlinerow_int=\count102
\l_MT_multwidth_dim=\dimen114
\origjot=\skip49
\l_MT_shortvdotswithinadjustabove_dim=\dimen115
\l_MT_shortvdotswithinadjustbelow_dim=\dimen116
\l_MT_above_intertext_dim=\dimen117
\l_MT_below_intertext_dim=\dimen118
\l_MT_above_shortintertext_dim=\dimen119
\l_MT_below_shortintertext_dim=\dimen120
)
(C:\Users\Christine\Desktop\myPrograms\MiKTeX\tex\latex\setspace\setspace.sty
Package: setspace 2011/12/19 v6.7a set line spacing
)
(C:\Users\Christine\Desktop\myPrograms\MiKTeX\tex\latex\graphics\graphicx.sty
Package: graphicx 1999/02/16 v1.0f Enhanced LaTeX Graphics (DPC,SPQR)

(C:\Users\Christine\Desktop\myPrograms\MiKTeX\tex\latex\graphics\graphics.sty
Package: graphics 2009/02/05 v1.0o Standard LaTeX Graphics (DPC,SPQR)

(C:\Users\Christine\Desktop\myPrograms\MiKTeX\tex\latex\graphics\trig.sty
Package: trig 1999/03/16 v1.09 sin cos tan (DPC)
)
(C:\Users\Christine\Desktop\myPrograms\MiKTeX\tex\latex\00miktex\graphics.cfg
File: graphics.cfg 2007/01/18 v1.5 graphics configuration of teTeX/TeXLive
)
Package graphics Info: Driver file: pdftex.def on input line 91.

(C:\Users\Christine\Desktop\myPrograms\MiKTeX\tex\latex\pdftex-def\pdftex.def
File: pdftex.def 2011/05/27 v0.06d Graphics/color for pdfTeX

(C:\Users\Christine\Desktop\myPrograms\MiKTeX\tex\generic\oberdiek\infwarerr.st
y
Package: infwarerr 2010/04/08 v1.3 Providing info/warning/error messages (HO)
)
(C:\Users\Christine\Desktop\myPrograms\MiKTeX\tex\generic\oberdiek\ltxcmds.sty
Package: ltxcmds 2011/11/09 v1.22 LaTeX kernel commands for general use (HO)
)
\Gread@gobject=\count103
))
\Gin@req@height=\dimen121
\Gin@req@width=\dimen122
)
(C:\Users\Christine\Desktop\myPrograms\MiKTeX\tex\latex\amsfonts\amssymb.sty
Package: amssymb 2009/06/22 v3.00

(C:\Users\Christine\Desktop\myPrograms\MiKTeX\tex\latex\amsfonts\amsfonts.sty
Package: amsfonts 2009/06/22 v3.00 Basic AMSFonts support
\symAMSa=\mathgroup4
\symAMSb=\mathgroup5
LaTeX Font Info:    Overwriting math alphabet `\mathfrak' in version `bold'
(Font)                  U/euf/m/n --> U/euf/b/n on input line 96.
)) ("C:\Users\Christine\Google Drive\GitHub\sta250win14\project\tex\project.aux
")
LaTeX Font Info:    Checking defaults for OML/cmm/m/it on input line 5.
LaTeX Font Info:    ... okay on input line 5.
LaTeX Font Info:    Checking defaults for T1/cmr/m/n on input line 5.
LaTeX Font Info:    ... okay on input line 5.
LaTeX Font Info:    Checking defaults for OT1/cmr/m/n on input line 5.
LaTeX Font Info:    ... okay on input line 5.
LaTeX Font Info:    Checking defaults for OMS/cmsy/m/n on input line 5.
LaTeX Font Info:    ... okay on input line 5.
LaTeX Font Info:    Checking defaults for OMX/cmex/m/n on input line 5.
LaTeX Font Info:    ... okay on input line 5.
LaTeX Font Info:    Checking defaults for U/cmr/m/n on input line 5.
LaTeX Font Info:    ... okay on input line 5.
(C:\Users\Christine\Desktop\myPrograms\MiKTeX\tex\context\base\supp-pdf.mkii
[Loading MPS to PDF converter (version 2006.09.02).]
\scratchcounter=\count104
\scratchdimen=\dimen123
\scratchbox=\box28
\nofMPsegments=\count105
\nofMParguments=\count106
\everyMPshowfont=\toks20
\MPscratchCnt=\count107
\MPscratchDim=\dimen124
\MPnumerator=\count108
\makeMPintoPDFobject=\count109
\everyMPtoPDFconversion=\toks21
)
Underfull \hbox (badness 10000) in paragraph at lines 6--9

 []

LaTeX Font Info:    Try loading font information for U+msa on input line 10.
(C:\Users\Christine\Desktop\myPrograms\MiKTeX\tex\latex\amsfonts\umsa.fd
File: umsa.fd 2009/06/22 v3.00 AMS symbols A
)
LaTeX Font Info:    Try loading font information for U+msb on input line 10.

(C:\Users\Christine\Desktop\myPrograms\MiKTeX\tex\latex\amsfonts\umsb.fd
File: umsb.fd 2009/06/22 v3.00 AMS symbols B
)
Overfull \hbox (60.09894pt too wide) in paragraph at lines 11--13
$\OT1/cmr/bx/n/12 Y \OT1/cmr/m/n/12 = \OML/cmm/m/it/12 X[]; [] ; X[]$\OT1/cmr/m
/n/12 . $[]$ is a vec-tor of mean-0 iid er-rors. $\OT1/cmr/bx/n/12 Z[] \OT1/cmr
/m/n/12 = [][] \OML/cmm/m/it/12 ;  k \OT1/cmr/m/n/12 =$
 []

[1

{C:/Users/Christine/AppData/Local/MiKTeX/2.9/pdftex/config/pdftex.map}]
<plot_1.png, id=16, 481.8pt x 481.8pt>
File: plot_1.png Graphic file (type png)
 <use plot_1.png>
Package pdftex.def Info: plot_1.png used on input line 30.
(pdftex.def)             Requested size: 240.8994pt x 240.8994pt.
 [2]
<plot_2.png, id=20, 481.8pt x 481.8pt>
File: plot_2.png Graphic file (type png)
 <use plot_2.png>
Package pdftex.def Info: plot_2.png used on input line 31.
(pdftex.def)             Requested size: 240.8994pt x 240.8994pt.

<plot_3.png, id=21, 481.8pt x 481.8pt>
File: plot_3.png Graphic file (type png)
 <use plot_3.png>
Package pdftex.def Info: plot_3.png used on input line 32.
(pdftex.def)             Requested size: 240.8994pt x 240.8994pt.
 [3 <C:/Users/Christine/Google Drive/GitHub/sta250win14/project/tex/plot_1.png>
 <C:/Users/Christine/Google Drive/GitHub/sta250win14/project/tex/plot_2.png>]
<plot_4.png, id=27, 481.8pt x 481.8pt>
File: plot_4.png Graphic file (type png)
 <use plot_4.png>
Package pdftex.def Info: plot_4.png used on input line 33.
(pdftex.def)             Requested size: 240.8994pt x 240.8994pt.

<plot_5.png, id=28, 481.8pt x 481.8pt>
File: plot_5.png Graphic file (type png)
 <use plot_5.png>
Package pdftex.def Info: plot_5.png used on input line 34.
(pdftex.def)             Requested size: 240.8994pt x 240.8994pt.
 [4 <C:/Users/Christine/Google Drive/GitHub/sta250win14/project/tex/plot_3.png>
 <C:/Users/Christine/Google Drive/GitHub/sta250win14/project/tex/plot_4.png>]
<plot_6.png, id=34, 481.8pt x 481.8pt>
File: plot_6.png Graphic file (type png)
 <use plot_6.png>
Package pdftex.def Info: plot_6.png used on input line 35.
(pdftex.def)             Requested size: 240.8994pt x 240.8994pt.
 [5 <C:/Users/Christine/Google Drive/GitHub/sta250win14/project/tex/plot_5.png>
 <C:/Users/Christine/Google Drive/GitHub/sta250win14/project/tex/plot_6.png>]
LaTeX Font Info:    Try loading font information for OMS+cmr on input line 62.

(C:\Users\Christine\Desktop\myPrograms\MiKTeX\tex\latex\base\omscmr.fd
File: omscmr.fd 1999/05/25 v2.5h Standard LaTeX font definitions
)
LaTeX Font Info:    Font shape `OMS/cmr/m/n' in size <12> not available
(Font)              Font shape `OMS/cmsy/m/n' tried instead on input line 62.

[6] [7] [8] [9] [10]
Underfull \hbox (badness 10000) in paragraph at lines 141--143

 []


Overfull \hbox (13.03864pt too wide) in paragraph at lines 155--155
[] 
 []

[11] [12]
("C:\Users\Christine\Google Drive\GitHub\sta250win14\project\tex\project.aux") 
) 
Here is how much of TeX's memory you used:
 2651 strings out of 494045
 36386 string characters out of 3141524
 94837 words of memory out of 3000000
 5913 multiletter control sequences out of 15000+200000
 17350 words of font info for 64 fonts, out of 3000000 for 9000
 715 hyphenation exceptions out of 8191
 33i,10n,24p,707b,223s stack positions out of 5000i,500n,10000p,200000b,50000s
<C:/Users/Christine/Desktop/myPrograms/MiKTeX/fonts/type1/public/amsfonts/cm/c
mbx12.pfb><C:/Users/Christine/Desktop/myPrograms/MiKTeX/fonts/type1/public/amsf
onts/cm/cmex10.pfb><C:/Users/Christine/Desktop/myPrograms/MiKTeX/fonts/type1/pu
blic/amsfonts/cm/cmmi12.pfb><C:/Users/Christine/Desktop/myPrograms/MiKTeX/fonts
/type1/public/amsfonts/cm/cmmi6.pfb><C:/Users/Christine/Desktop/myPrograms/MiKT
eX/fonts/type1/public/amsfonts/cm/cmmi8.pfb><C:/Users/Christine/Desktop/myProgr
ams/MiKTeX/fonts/type1/public/amsfonts/cm/cmmib10.pfb><C:/Users/Christine/Deskt
op/myPrograms/MiKTeX/fonts/type1/public/amsfonts/cm/cmr10.pfb><C:/Users/Christi
ne/Desktop/myPrograms/MiKTeX/fonts/type1/public/amsfonts/cm/cmr12.pfb><C:/Users
/Christine/Desktop/myPrograms/MiKTeX/fonts/type1/public/amsfonts/cm/cmr6.pfb><C
:/Users/Christine/Desktop/myPrograms/MiKTeX/fonts/type1/public/amsfonts/cm/cmr8
.pfb><C:/Users/Christine/Desktop/myPrograms/MiKTeX/fonts/type1/public/amsfonts/
cm/cmss8.pfb><C:/Users/Christine/Desktop/myPrograms/MiKTeX/fonts/type1/public/a
msfonts/cm/cmsy10.pfb><C:/Users/Christine/Desktop/myPrograms/MiKTeX/fonts/type1
/public/amsfonts/cm/cmsy8.pfb><C:/Users/Christine/Desktop/myPrograms/MiKTeX/fon
ts/type1/public/amsfonts/cm/cmti12.pfb><C:/Users/Christine/Desktop/myPrograms/M
iKTeX/fonts/type1/public/amsfonts/symbols/msbm10.pfb>
Output written on project.pdf (12 pages, 198965 bytes).
PDF statistics:
 113 PDF objects out of 1000 (max. 8388607)
 0 named destinations out of 1000 (max. 500000)
 31 words of extra memory for PDF output out of 10000 (max. 10000000)

